<?xml version="1.0" encoding="UTF-8"?>
<testsuite xmlns:xsi="http://www.w3.org/2001/XMLSchema-instance" xsi:noNamespaceSchemaLocation="https://maven.apache.org/surefire/maven-surefire-plugin/xsd/surefire-test-report-3.0.xsd" version="3.0" name="com.desaextremo.agenda.agenda.AgendaApplicationTests" time="24.653" tests="1" errors="0" skipped="0" failures="0">
  <properties>
    <property name="java.specification.version" value="17"/>
    <property name="sun.cpu.isalist" value="amd64"/>
    <property name="sun.jnu.encoding" value="Cp1252"/>
    <property name="java.class.path" value="C:\code\agenda\target\test-classes;C:\code\agenda\target\classes;C:\Users\lenovo\.m2\repository\org\springframework\boot\spring-boot-starter-web\3.2.2\spring-boot-starter-web-3.2.2.jar;C:\Users\lenovo\.m2\repository\org\springframework\boot\spring-boot-starter\3.2.2\spring-boot-starter-3.2.2.jar;C:\Users\lenovo\.m2\repository\org\springframework\boot\spring-boot-starter-logging\3.2.2\spring-boot-starter-logging-3.2.2.jar;C:\Users\lenovo\.m2\repository\ch\qos\logback\logback-classic\1.4.14\logback-classic-1.4.14.jar;C:\Users\lenovo\.m2\repository\ch\qos\logback\logback-core\1.4.14\logback-core-1.4.14.jar;C:\Users\lenovo\.m2\repository\org\apache\logging\log4j\log4j-to-slf4j\2.21.1\log4j-to-slf4j-2.21.1.jar;C:\Users\lenovo\.m2\repository\org\apache\logging\log4j\log4j-api\2.21.1\log4j-api-2.21.1.jar;C:\Users\lenovo\.m2\repository\org\slf4j\jul-to-slf4j\2.0.11\jul-to-slf4j-2.0.11.jar;C:\Users\lenovo\.m2\repository\jakarta\annotation\jakarta.annotation-api\2.1.1\jakarta.annotation-api-2.1.1.jar;C:\Users\lenovo\.m2\repository\org\yaml\snakeyaml\2.2\snakeyaml-2.2.jar;C:\Users\lenovo\.m2\repository\org\springframework\boot\spring-boot-starter-json\3.2.2\spring-boot-starter-json-3.2.2.jar;C:\Users\lenovo\.m2\repository\com\fasterxml\jackson\core\jackson-databind\2.15.3\jackson-databind-2.15.3.jar;C:\Users\lenovo\.m2\repository\com\fasterxml\jackson\core\jackson-annotations\2.15.3\jackson-annotations-2.15.3.jar;C:\Users\lenovo\.m2\repository\com\fasterxml\jackson\core\jackson-core\2.15.3\jackson-core-2.15.3.jar;C:\Users\lenovo\.m2\repository\com\fasterxml\jackson\datatype\jackson-datatype-jdk8\2.15.3\jackson-datatype-jdk8-2.15.3.jar;C:\Users\lenovo\.m2\repository\com\fasterxml\jackson\datatype\jackson-datatype-jsr310\2.15.3\jackson-datatype-jsr310-2.15.3.jar;C:\Users\lenovo\.m2\repository\com\fasterxml\jackson\module\jackson-module-parameter-names\2.15.3\jackson-module-parameter-names-2.15.3.jar;C:\Users\lenovo\.m2\repository\org\springframework\boot\spring-boot-starter-tomcat\3.2.2\spring-boot-starter-tomcat-3.2.2.jar;C:\Users\lenovo\.m2\repository\org\apache\tomcat\embed\tomcat-embed-core\10.1.18\tomcat-embed-core-10.1.18.jar;C:\Users\lenovo\.m2\repository\org\apache\tomcat\embed\tomcat-embed-el\10.1.18\tomcat-embed-el-10.1.18.jar;C:\Users\lenovo\.m2\repository\org\apache\tomcat\embed\tomcat-embed-websocket\10.1.18\tomcat-embed-websocket-10.1.18.jar;C:\Users\lenovo\.m2\repository\org\springframework\spring-web\6.1.3\spring-web-6.1.3.jar;C:\Users\lenovo\.m2\repository\org\springframework\spring-beans\6.1.3\spring-beans-6.1.3.jar;C:\Users\lenovo\.m2\repository\io\micrometer\micrometer-observation\1.12.2\micrometer-observation-1.12.2.jar;C:\Users\lenovo\.m2\repository\io\micrometer\micrometer-commons\1.12.2\micrometer-commons-1.12.2.jar;C:\Users\lenovo\.m2\repository\org\springframework\spring-webmvc\6.1.3\spring-webmvc-6.1.3.jar;C:\Users\lenovo\.m2\repository\org\springframework\spring-aop\6.1.3\spring-aop-6.1.3.jar;C:\Users\lenovo\.m2\repository\org\springframework\spring-context\6.1.3\spring-context-6.1.3.jar;C:\Users\lenovo\.m2\repository\org\springframework\spring-expression\6.1.3\spring-expression-6.1.3.jar;C:\Users\lenovo\.m2\repository\org\springframework\boot\spring-boot-starter-data-jpa\3.2.2\spring-boot-starter-data-jpa-3.2.2.jar;C:\Users\lenovo\.m2\repository\org\springframework\boot\spring-boot-starter-aop\3.2.2\spring-boot-starter-aop-3.2.2.jar;C:\Users\lenovo\.m2\repository\org\aspectj\aspectjweaver\1.9.21\aspectjweaver-1.9.21.jar;C:\Users\lenovo\.m2\repository\org\springframework\boot\spring-boot-starter-jdbc\3.2.2\spring-boot-starter-jdbc-3.2.2.jar;C:\Users\lenovo\.m2\repository\com\zaxxer\HikariCP\5.0.1\HikariCP-5.0.1.jar;C:\Users\lenovo\.m2\repository\org\springframework\spring-jdbc\6.1.3\spring-jdbc-6.1.3.jar;C:\Users\lenovo\.m2\repository\org\hibernate\orm\hibernate-core\6.4.1.Final\hibernate-core-6.4.1.Final.jar;C:\Users\lenovo\.m2\repository\jakarta\persistence\jakarta.persistence-api\3.1.0\jakarta.persistence-api-3.1.0.jar;C:\Users\lenovo\.m2\repository\jakarta\transaction\jakarta.transaction-api\2.0.1\jakarta.transaction-api-2.0.1.jar;C:\Users\lenovo\.m2\repository\org\jboss\logging\jboss-logging\3.5.3.Final\jboss-logging-3.5.3.Final.jar;C:\Users\lenovo\.m2\repository\org\hibernate\common\hibernate-commons-annotations\6.0.6.Final\hibernate-commons-annotations-6.0.6.Final.jar;C:\Users\lenovo\.m2\repository\io\smallrye\jandex\3.1.2\jandex-3.1.2.jar;C:\Users\lenovo\.m2\repository\com\fasterxml\classmate\1.6.0\classmate-1.6.0.jar;C:\Users\lenovo\.m2\repository\net\bytebuddy\byte-buddy\1.14.11\byte-buddy-1.14.11.jar;C:\Users\lenovo\.m2\repository\org\glassfish\jaxb\jaxb-runtime\4.0.4\jaxb-runtime-4.0.4.jar;C:\Users\lenovo\.m2\repository\org\glassfish\jaxb\jaxb-core\4.0.4\jaxb-core-4.0.4.jar;C:\Users\lenovo\.m2\repository\org\eclipse\angus\angus-activation\2.0.1\angus-activation-2.0.1.jar;C:\Users\lenovo\.m2\repository\org\glassfish\jaxb\txw2\4.0.4\txw2-4.0.4.jar;C:\Users\lenovo\.m2\repository\com\sun\istack\istack-commons-runtime\4.1.2\istack-commons-runtime-4.1.2.jar;C:\Users\lenovo\.m2\repository\jakarta\inject\jakarta.inject-api\2.0.1\jakarta.inject-api-2.0.1.jar;C:\Users\lenovo\.m2\repository\org\antlr\antlr4-runtime\4.13.0\antlr4-runtime-4.13.0.jar;C:\Users\lenovo\.m2\repository\org\springframework\data\spring-data-jpa\3.2.2\spring-data-jpa-3.2.2.jar;C:\Users\lenovo\.m2\repository\org\springframework\data\spring-data-commons\3.2.2\spring-data-commons-3.2.2.jar;C:\Users\lenovo\.m2\repository\org\springframework\spring-orm\6.1.3\spring-orm-6.1.3.jar;C:\Users\lenovo\.m2\repository\org\springframework\spring-tx\6.1.3\spring-tx-6.1.3.jar;C:\Users\lenovo\.m2\repository\org\slf4j\slf4j-api\2.0.11\slf4j-api-2.0.11.jar;C:\Users\lenovo\.m2\repository\org\springframework\spring-aspects\6.1.3\spring-aspects-6.1.3.jar;C:\Users\lenovo\.m2\repository\org\springframework\boot\spring-boot-devtools\3.2.2\spring-boot-devtools-3.2.2.jar;C:\Users\lenovo\.m2\repository\org\springframework\boot\spring-boot\3.2.2\spring-boot-3.2.2.jar;C:\Users\lenovo\.m2\repository\org\springframework\boot\spring-boot-autoconfigure\3.2.2\spring-boot-autoconfigure-3.2.2.jar;C:\Users\lenovo\.m2\repository\com\h2database\h2\2.2.224\h2-2.2.224.jar;C:\Users\lenovo\.m2\repository\org\projectlombok\lombok\1.18.30\lombok-1.18.30.jar;C:\Users\lenovo\.m2\repository\org\springframework\boot\spring-boot-starter-test\3.2.2\spring-boot-starter-test-3.2.2.jar;C:\Users\lenovo\.m2\repository\org\springframework\boot\spring-boot-test\3.2.2\spring-boot-test-3.2.2.jar;C:\Users\lenovo\.m2\repository\org\springframework\boot\spring-boot-test-autoconfigure\3.2.2\spring-boot-test-autoconfigure-3.2.2.jar;C:\Users\lenovo\.m2\repository\com\jayway\jsonpath\json-path\2.8.0\json-path-2.8.0.jar;C:\Users\lenovo\.m2\repository\jakarta\xml\bind\jakarta.xml.bind-api\4.0.1\jakarta.xml.bind-api-4.0.1.jar;C:\Users\lenovo\.m2\repository\jakarta\activation\jakarta.activation-api\2.1.2\jakarta.activation-api-2.1.2.jar;C:\Users\lenovo\.m2\repository\net\minidev\json-smart\2.5.0\json-smart-2.5.0.jar;C:\Users\lenovo\.m2\repository\net\minidev\accessors-smart\2.5.0\accessors-smart-2.5.0.jar;C:\Users\lenovo\.m2\repository\org\ow2\asm\asm\9.3\asm-9.3.jar;C:\Users\lenovo\.m2\repository\org\assertj\assertj-core\3.24.2\assertj-core-3.24.2.jar;C:\Users\lenovo\.m2\repository\org\awaitility\awaitility\4.2.0\awaitility-4.2.0.jar;C:\Users\lenovo\.m2\repository\org\hamcrest\hamcrest\2.2\hamcrest-2.2.jar;C:\Users\lenovo\.m2\repository\org\junit\jupiter\junit-jupiter\5.10.1\junit-jupiter-5.10.1.jar;C:\Users\lenovo\.m2\repository\org\junit\jupiter\junit-jupiter-api\5.10.1\junit-jupiter-api-5.10.1.jar;C:\Users\lenovo\.m2\repository\org\opentest4j\opentest4j\1.3.0\opentest4j-1.3.0.jar;C:\Users\lenovo\.m2\repository\org\junit\platform\junit-platform-commons\1.10.1\junit-platform-commons-1.10.1.jar;C:\Users\lenovo\.m2\repository\org\apiguardian\apiguardian-api\1.1.2\apiguardian-api-1.1.2.jar;C:\Users\lenovo\.m2\repository\org\junit\jupiter\junit-jupiter-params\5.10.1\junit-jupiter-params-5.10.1.jar;C:\Users\lenovo\.m2\repository\org\junit\jupiter\junit-jupiter-engine\5.10.1\junit-jupiter-engine-5.10.1.jar;C:\Users\lenovo\.m2\repository\org\junit\platform\junit-platform-engine\1.10.1\junit-platform-engine-1.10.1.jar;C:\Users\lenovo\.m2\repository\org\mockito\mockito-core\5.7.0\mockito-core-5.7.0.jar;C:\Users\lenovo\.m2\repository\net\bytebuddy\byte-buddy-agent\1.14.11\byte-buddy-agent-1.14.11.jar;C:\Users\lenovo\.m2\repository\org\objenesis\objenesis\3.3\objenesis-3.3.jar;C:\Users\lenovo\.m2\repository\org\mockito\mockito-junit-jupiter\5.7.0\mockito-junit-jupiter-5.7.0.jar;C:\Users\lenovo\.m2\repository\org\skyscreamer\jsonassert\1.5.1\jsonassert-1.5.1.jar;C:\Users\lenovo\.m2\repository\com\vaadin\external\google\android-json\0.0.20131108.vaadin1\android-json-0.0.20131108.vaadin1.jar;C:\Users\lenovo\.m2\repository\org\springframework\spring-core\6.1.3\spring-core-6.1.3.jar;C:\Users\lenovo\.m2\repository\org\springframework\spring-jcl\6.1.3\spring-jcl-6.1.3.jar;C:\Users\lenovo\.m2\repository\org\springframework\spring-test\6.1.3\spring-test-6.1.3.jar;C:\Users\lenovo\.m2\repository\org\xmlunit\xmlunit-core\2.9.1\xmlunit-core-2.9.1.jar;"/>
    <property name="java.vm.vendor" value="Azul Systems, Inc."/>
    <property name="sun.arch.data.model" value="64"/>
    <property name="user.variant" value=""/>
    <property name="java.vendor.url" value="http://www.azul.com/"/>
    <property name="user.timezone" value="America/Bogota"/>
    <property name="org.jboss.logging.provider" value="slf4j"/>
    <property name="os.name" value="Windows 11"/>
    <property name="java.vm.specification.version" value="17"/>
    <property name="sun.java.launcher" value="SUN_STANDARD"/>
    <property name="user.country" value="CO"/>
    <property name="sun.boot.library.path" value="C:\Users\lenovo\.jdks\azul-17.0.7\bin"/>
    <property name="sun.java.command" value="C:\Users\lenovo\AppData\Local\Temp\surefire13124628350841072566\surefirebooter-20240627202729952_3.jar C:\Users\lenovo\AppData\Local\Temp\surefire13124628350841072566 2024-06-27T20-27-28_984-jvmRun1 surefire-20240627202729952_1tmp surefire_0-20240627202729952_2tmp"/>
    <property name="jdk.debug" value="release"/>
    <property name="surefire.test.class.path" value="C:\code\agenda\target\test-classes;C:\code\agenda\target\classes;C:\Users\lenovo\.m2\repository\org\springframework\boot\spring-boot-starter-web\3.2.2\spring-boot-starter-web-3.2.2.jar;C:\Users\lenovo\.m2\repository\org\springframework\boot\spring-boot-starter\3.2.2\spring-boot-starter-3.2.2.jar;C:\Users\lenovo\.m2\repository\org\springframework\boot\spring-boot-starter-logging\3.2.2\spring-boot-starter-logging-3.2.2.jar;C:\Users\lenovo\.m2\repository\ch\qos\logback\logback-classic\1.4.14\logback-classic-1.4.14.jar;C:\Users\lenovo\.m2\repository\ch\qos\logback\logback-core\1.4.14\logback-core-1.4.14.jar;C:\Users\lenovo\.m2\repository\org\apache\logging\log4j\log4j-to-slf4j\2.21.1\log4j-to-slf4j-2.21.1.jar;C:\Users\lenovo\.m2\repository\org\apache\logging\log4j\log4j-api\2.21.1\log4j-api-2.21.1.jar;C:\Users\lenovo\.m2\repository\org\slf4j\jul-to-slf4j\2.0.11\jul-to-slf4j-2.0.11.jar;C:\Users\lenovo\.m2\repository\jakarta\annotation\jakarta.annotation-api\2.1.1\jakarta.annotation-api-2.1.1.jar;C:\Users\lenovo\.m2\repository\org\yaml\snakeyaml\2.2\snakeyaml-2.2.jar;C:\Users\lenovo\.m2\repository\org\springframework\boot\spring-boot-starter-json\3.2.2\spring-boot-starter-json-3.2.2.jar;C:\Users\lenovo\.m2\repository\com\fasterxml\jackson\core\jackson-databind\2.15.3\jackson-databind-2.15.3.jar;C:\Users\lenovo\.m2\repository\com\fasterxml\jackson\core\jackson-annotations\2.15.3\jackson-annotations-2.15.3.jar;C:\Users\lenovo\.m2\repository\com\fasterxml\jackson\core\jackson-core\2.15.3\jackson-core-2.15.3.jar;C:\Users\lenovo\.m2\repository\com\fasterxml\jackson\datatype\jackson-datatype-jdk8\2.15.3\jackson-datatype-jdk8-2.15.3.jar;C:\Users\lenovo\.m2\repository\com\fasterxml\jackson\datatype\jackson-datatype-jsr310\2.15.3\jackson-datatype-jsr310-2.15.3.jar;C:\Users\lenovo\.m2\repository\com\fasterxml\jackson\module\jackson-module-parameter-names\2.15.3\jackson-module-parameter-names-2.15.3.jar;C:\Users\lenovo\.m2\repository\org\springframework\boot\spring-boot-starter-tomcat\3.2.2\spring-boot-starter-tomcat-3.2.2.jar;C:\Users\lenovo\.m2\repository\org\apache\tomcat\embed\tomcat-embed-core\10.1.18\tomcat-embed-core-10.1.18.jar;C:\Users\lenovo\.m2\repository\org\apache\tomcat\embed\tomcat-embed-el\10.1.18\tomcat-embed-el-10.1.18.jar;C:\Users\lenovo\.m2\repository\org\apache\tomcat\embed\tomcat-embed-websocket\10.1.18\tomcat-embed-websocket-10.1.18.jar;C:\Users\lenovo\.m2\repository\org\springframework\spring-web\6.1.3\spring-web-6.1.3.jar;C:\Users\lenovo\.m2\repository\org\springframework\spring-beans\6.1.3\spring-beans-6.1.3.jar;C:\Users\lenovo\.m2\repository\io\micrometer\micrometer-observation\1.12.2\micrometer-observation-1.12.2.jar;C:\Users\lenovo\.m2\repository\io\micrometer\micrometer-commons\1.12.2\micrometer-commons-1.12.2.jar;C:\Users\lenovo\.m2\repository\org\springframework\spring-webmvc\6.1.3\spring-webmvc-6.1.3.jar;C:\Users\lenovo\.m2\repository\org\springframework\spring-aop\6.1.3\spring-aop-6.1.3.jar;C:\Users\lenovo\.m2\repository\org\springframework\spring-context\6.1.3\spring-context-6.1.3.jar;C:\Users\lenovo\.m2\repository\org\springframework\spring-expression\6.1.3\spring-expression-6.1.3.jar;C:\Users\lenovo\.m2\repository\org\springframework\boot\spring-boot-starter-data-jpa\3.2.2\spring-boot-starter-data-jpa-3.2.2.jar;C:\Users\lenovo\.m2\repository\org\springframework\boot\spring-boot-starter-aop\3.2.2\spring-boot-starter-aop-3.2.2.jar;C:\Users\lenovo\.m2\repository\org\aspectj\aspectjweaver\1.9.21\aspectjweaver-1.9.21.jar;C:\Users\lenovo\.m2\repository\org\springframework\boot\spring-boot-starter-jdbc\3.2.2\spring-boot-starter-jdbc-3.2.2.jar;C:\Users\lenovo\.m2\repository\com\zaxxer\HikariCP\5.0.1\HikariCP-5.0.1.jar;C:\Users\lenovo\.m2\repository\org\springframework\spring-jdbc\6.1.3\spring-jdbc-6.1.3.jar;C:\Users\lenovo\.m2\repository\org\hibernate\orm\hibernate-core\6.4.1.Final\hibernate-core-6.4.1.Final.jar;C:\Users\lenovo\.m2\repository\jakarta\persistence\jakarta.persistence-api\3.1.0\jakarta.persistence-api-3.1.0.jar;C:\Users\lenovo\.m2\repository\jakarta\transaction\jakarta.transaction-api\2.0.1\jakarta.transaction-api-2.0.1.jar;C:\Users\lenovo\.m2\repository\org\jboss\logging\jboss-logging\3.5.3.Final\jboss-logging-3.5.3.Final.jar;C:\Users\lenovo\.m2\repository\org\hibernate\common\hibernate-commons-annotations\6.0.6.Final\hibernate-commons-annotations-6.0.6.Final.jar;C:\Users\lenovo\.m2\repository\io\smallrye\jandex\3.1.2\jandex-3.1.2.jar;C:\Users\lenovo\.m2\repository\com\fasterxml\classmate\1.6.0\classmate-1.6.0.jar;C:\Users\lenovo\.m2\repository\net\bytebuddy\byte-buddy\1.14.11\byte-buddy-1.14.11.jar;C:\Users\lenovo\.m2\repository\org\glassfish\jaxb\jaxb-runtime\4.0.4\jaxb-runtime-4.0.4.jar;C:\Users\lenovo\.m2\repository\org\glassfish\jaxb\jaxb-core\4.0.4\jaxb-core-4.0.4.jar;C:\Users\lenovo\.m2\repository\org\eclipse\angus\angus-activation\2.0.1\angus-activation-2.0.1.jar;C:\Users\lenovo\.m2\repository\org\glassfish\jaxb\txw2\4.0.4\txw2-4.0.4.jar;C:\Users\lenovo\.m2\repository\com\sun\istack\istack-commons-runtime\4.1.2\istack-commons-runtime-4.1.2.jar;C:\Users\lenovo\.m2\repository\jakarta\inject\jakarta.inject-api\2.0.1\jakarta.inject-api-2.0.1.jar;C:\Users\lenovo\.m2\repository\org\antlr\antlr4-runtime\4.13.0\antlr4-runtime-4.13.0.jar;C:\Users\lenovo\.m2\repository\org\springframework\data\spring-data-jpa\3.2.2\spring-data-jpa-3.2.2.jar;C:\Users\lenovo\.m2\repository\org\springframework\data\spring-data-commons\3.2.2\spring-data-commons-3.2.2.jar;C:\Users\lenovo\.m2\repository\org\springframework\spring-orm\6.1.3\spring-orm-6.1.3.jar;C:\Users\lenovo\.m2\repository\org\springframework\spring-tx\6.1.3\spring-tx-6.1.3.jar;C:\Users\lenovo\.m2\repository\org\slf4j\slf4j-api\2.0.11\slf4j-api-2.0.11.jar;C:\Users\lenovo\.m2\repository\org\springframework\spring-aspects\6.1.3\spring-aspects-6.1.3.jar;C:\Users\lenovo\.m2\repository\org\springframework\boot\spring-boot-devtools\3.2.2\spring-boot-devtools-3.2.2.jar;C:\Users\lenovo\.m2\repository\org\springframework\boot\spring-boot\3.2.2\spring-boot-3.2.2.jar;C:\Users\lenovo\.m2\repository\org\springframework\boot\spring-boot-autoconfigure\3.2.2\spring-boot-autoconfigure-3.2.2.jar;C:\Users\lenovo\.m2\repository\com\h2database\h2\2.2.224\h2-2.2.224.jar;C:\Users\lenovo\.m2\repository\org\projectlombok\lombok\1.18.30\lombok-1.18.30.jar;C:\Users\lenovo\.m2\repository\org\springframework\boot\spring-boot-starter-test\3.2.2\spring-boot-starter-test-3.2.2.jar;C:\Users\lenovo\.m2\repository\org\springframework\boot\spring-boot-test\3.2.2\spring-boot-test-3.2.2.jar;C:\Users\lenovo\.m2\repository\org\springframework\boot\spring-boot-test-autoconfigure\3.2.2\spring-boot-test-autoconfigure-3.2.2.jar;C:\Users\lenovo\.m2\repository\com\jayway\jsonpath\json-path\2.8.0\json-path-2.8.0.jar;C:\Users\lenovo\.m2\repository\jakarta\xml\bind\jakarta.xml.bind-api\4.0.1\jakarta.xml.bind-api-4.0.1.jar;C:\Users\lenovo\.m2\repository\jakarta\activation\jakarta.activation-api\2.1.2\jakarta.activation-api-2.1.2.jar;C:\Users\lenovo\.m2\repository\net\minidev\json-smart\2.5.0\json-smart-2.5.0.jar;C:\Users\lenovo\.m2\repository\net\minidev\accessors-smart\2.5.0\accessors-smart-2.5.0.jar;C:\Users\lenovo\.m2\repository\org\ow2\asm\asm\9.3\asm-9.3.jar;C:\Users\lenovo\.m2\repository\org\assertj\assertj-core\3.24.2\assertj-core-3.24.2.jar;C:\Users\lenovo\.m2\repository\org\awaitility\awaitility\4.2.0\awaitility-4.2.0.jar;C:\Users\lenovo\.m2\repository\org\hamcrest\hamcrest\2.2\hamcrest-2.2.jar;C:\Users\lenovo\.m2\repository\org\junit\jupiter\junit-jupiter\5.10.1\junit-jupiter-5.10.1.jar;C:\Users\lenovo\.m2\repository\org\junit\jupiter\junit-jupiter-api\5.10.1\junit-jupiter-api-5.10.1.jar;C:\Users\lenovo\.m2\repository\org\opentest4j\opentest4j\1.3.0\opentest4j-1.3.0.jar;C:\Users\lenovo\.m2\repository\org\junit\platform\junit-platform-commons\1.10.1\junit-platform-commons-1.10.1.jar;C:\Users\lenovo\.m2\repository\org\apiguardian\apiguardian-api\1.1.2\apiguardian-api-1.1.2.jar;C:\Users\lenovo\.m2\repository\org\junit\jupiter\junit-jupiter-params\5.10.1\junit-jupiter-params-5.10.1.jar;C:\Users\lenovo\.m2\repository\org\junit\jupiter\junit-jupiter-engine\5.10.1\junit-jupiter-engine-5.10.1.jar;C:\Users\lenovo\.m2\repository\org\junit\platform\junit-platform-engine\1.10.1\junit-platform-engine-1.10.1.jar;C:\Users\lenovo\.m2\repository\org\mockito\mockito-core\5.7.0\mockito-core-5.7.0.jar;C:\Users\lenovo\.m2\repository\net\bytebuddy\byte-buddy-agent\1.14.11\byte-buddy-agent-1.14.11.jar;C:\Users\lenovo\.m2\repository\org\objenesis\objenesis\3.3\objenesis-3.3.jar;C:\Users\lenovo\.m2\repository\org\mockito\mockito-junit-jupiter\5.7.0\mockito-junit-jupiter-5.7.0.jar;C:\Users\lenovo\.m2\repository\org\skyscreamer\jsonassert\1.5.1\jsonassert-1.5.1.jar;C:\Users\lenovo\.m2\repository\com\vaadin\external\google\android-json\0.0.20131108.vaadin1\android-json-0.0.20131108.vaadin1.jar;C:\Users\lenovo\.m2\repository\org\springframework\spring-core\6.1.3\spring-core-6.1.3.jar;C:\Users\lenovo\.m2\repository\org\springframework\spring-jcl\6.1.3\spring-jcl-6.1.3.jar;C:\Users\lenovo\.m2\repository\org\springframework\spring-test\6.1.3\spring-test-6.1.3.jar;C:\Users\lenovo\.m2\repository\org\xmlunit\xmlunit-core\2.9.1\xmlunit-core-2.9.1.jar;"/>
    <property name="sun.cpu.endian" value="little"/>
    <property name="user.home" value="C:\Users\lenovo"/>
    <property name="user.language" value="es"/>
    <property name="java.specification.vendor" value="Oracle Corporation"/>
    <property name="java.version.date" value="2023-04-18"/>
    <property name="java.home" value="C:\Users\lenovo\.jdks\azul-17.0.7"/>
    <property name="file.separator" value="\"/>
    <property name="basedir" value="C:\code\agenda"/>
    <property name="java.vm.compressedOopsMode" value="Zero based"/>
    <property name="line.separator" value="&#10;"/>
    <property name="java.vm.specification.vendor" value="Oracle Corporation"/>
    <property name="java.specification.name" value="Java Platform API Specification"/>
    <property name="FILE_LOG_CHARSET" value="windows-1252"/>
    <property name="java.awt.headless" value="true"/>
    <property name="surefire.real.class.path" value="C:\Users\lenovo\AppData\Local\Temp\surefire13124628350841072566\surefirebooter-20240627202729952_3.jar"/>
    <property name="user.script" value=""/>
    <property name="sun.management.compiler" value="HotSpot 64-Bit Tiered Compilers"/>
    <property name="java.runtime.version" value="17.0.7+7-LTS"/>
    <property name="user.name" value="lenovo"/>
    <property name="path.separator" value=";"/>
    <property name="os.version" value="10.0"/>
    <property name="java.runtime.name" value="OpenJDK Runtime Environment"/>
    <property name="file.encoding" value="Cp1252"/>
    <property name="java.vm.name" value="OpenJDK 64-Bit Server VM"/>
    <property name="java.vendor.version" value="Zulu17.42+19-CA"/>
    <property name="localRepository" value="C:\Users\lenovo\.m2\repository"/>
    <property name="java.vendor.url.bug" value="http://www.azul.com/support/"/>
    <property name="java.io.tmpdir" value="C:\Users\lenovo\AppData\Local\Temp\"/>
    <property name="idea.version" value="2023.3.4"/>
    <property name="com.zaxxer.hikari.pool_number" value="1"/>
    <property name="java.version" value="17.0.7"/>
    <property name="user.dir" value="C:\code\agenda"/>
    <property name="os.arch" value="amd64"/>
    <property name="java.vm.specification.name" value="Java Virtual Machine Specification"/>
    <property name="PID" value="26172"/>
    <property name="sun.os.patch.level" value=""/>
    <property name="CONSOLE_LOG_CHARSET" value="windows-1252"/>
    <property name="native.encoding" value="Cp1252"/>
    <property name="java.library.path" value="C:\Users\lenovo\.jdks\azul-17.0.7\bin;C:\WINDOWS\Sun\Java\bin;C:\WINDOWS\system32;C:\WINDOWS;C:\Program Files\Amazon Corretto\jdk17.0.11_9\bin;C:\Users\lenovo\AppData\Roaming\Python\Python311\Scripts;C:\software\mongosh-2.2.3-win32-x64\mongosh-2.2.3-win32-x64\bin;C:\software\mongosh-2.1.4-win32-x64\mongosh-2.1.4-win32-x64\bin;C:\Program Files\MySQL\MySQL Server 8.0\bin;C:\Program Files\Amazon Corretto\jdk17.0.11_9\bin;C:\WINDOWS\system32;C:\WINDOWS;C:\WINDOWS\System32\Wbem;C:\WINDOWS\System32\WindowsPowerShell\v1.0\;C:\WINDOWS\System32\OpenSSH\;C:\Program Files\Calibre2\;C:\Program Files\Docker\Docker\resources\bin;C:\Program Files\nodejs\;C:\ProgramData\chocolatey\bin;C:\Program Files\Amazon\AWSCLIV2\;C:\Program Files\PuTTY\;C:\Program Files\Amazon\AWSSAMCLI\bin\;C:\software\terraform;C:\Program Files\Git\cmd;C:\Users\lenovo\AppData\Local\Programs\Python\Python312\Scripts\;C:\Users\lenovo\AppData\Local\Programs\Python\Python312\;C:\Users\lenovo\AppData\Local\Microsoft\WindowsApps;;C:\Users\lenovo\AppData\Local\Programs\Microsoft VS Code\bin;C:\Program Files\JetBrains\IntelliJ IDEA 2023.3.4\bin;;C:\Program Files\JetBrains\PyCharm 2023.1.3\bin;;C:\Program Files\JetBrains\GoLand 2023.1.3\bin;;C:\Program Files\JetBrains\DataGrip 2023.3.4\bin;;C:\Program Files\JetBrains\PhpStorm 2023.1.2\bin;;C:\Program Files\JetBrains\WebStorm 2023.1.3\bin;;C:\Users\lenovo\AppData\Roaming\npm;C:\Program Files (x86)\Sophos\Sophos SSL VPN Client\bin;."/>
    <property name="java.vm.info" value="mixed mode, sharing"/>
    <property name="java.vendor" value="Azul Systems, Inc."/>
    <property name="java.vm.version" value="17.0.7+7-LTS"/>
    <property name="sun.io.unicode.encoding" value="UnicodeLittle"/>
    <property name="java.class.version" value="61.0"/>
  </properties>
  <testcase name="contextLoads" classname="com.desaextremo.agenda.agenda.AgendaApplicationTests" time="1.969">
    <system-out><![CDATA[20:27:34.899 [main] INFO org.springframework.test.context.support.AnnotationConfigContextLoaderUtils -- Could not detect default configuration classes for test class [com.desaextremo.agenda.agenda.AgendaApplicationTests]: AgendaApplicationTests does not declare any static, non-private, non-final, nested classes annotated with @Configuration.
20:27:35.511 [main] INFO org.springframework.boot.test.context.SpringBootTestContextBootstrapper -- Found @SpringBootConfiguration com.desaextremo.agenda.agenda.AgendaApplication for test class com.desaextremo.agenda.agenda.AgendaApplicationTests
20:27:36.443 [main] INFO org.springframework.boot.devtools.restart.RestartApplicationListener -- Restart disabled due to context in which it is running

  .   ____          _            __ _ _
 /\\ / ___'_ __ _ _(_)_ __  __ _ \ \ \ \
( ( )\___ | '_ | '_| | '_ \/ _` | \ \ \ \
 \\/  ___)| |_)| | | | | || (_| |  ) ) ) )
  '  |____| .__|_| |_|_| |_\__, | / / / /
 =========|_|==============|___/=/_/_/_/
 :: Spring Boot ::                (v3.2.2)

2024-06-27T20:27:37.773-05:00  INFO 26172 --- [           main] c.d.a.agenda.AgendaApplicationTests      : Starting AgendaApplicationTests using Java 17.0.7 with PID 26172 (started by lenovo in C:\code\agenda)
2024-06-27T20:27:37.778-05:00  INFO 26172 --- [           main] c.d.a.agenda.AgendaApplicationTests      : No active profile set, falling back to 1 default profile: "default"
2024-06-27T20:27:41.069-05:00  INFO 26172 --- [           main] .s.d.r.c.RepositoryConfigurationDelegate : Bootstrapping Spring Data JPA repositories in DEFAULT mode.
2024-06-27T20:27:41.423-05:00  INFO 26172 --- [           main] .s.d.r.c.RepositoryConfigurationDelegate : Finished Spring Data repository scanning in 296 ms. Found 1 JPA repository interface.
2024-06-27T20:27:43.463-05:00  INFO 26172 --- [           main] com.zaxxer.hikari.HikariDataSource       : HikariPool-1 - Starting...
2024-06-27T20:27:44.545-05:00  INFO 26172 --- [           main] com.zaxxer.hikari.pool.HikariPool        : HikariPool-1 - Added connection conn0: url=jdbc:h2:mem:testdb user=SA
2024-06-27T20:27:44.550-05:00  INFO 26172 --- [           main] com.zaxxer.hikari.HikariDataSource       : HikariPool-1 - Start completed.
2024-06-27T20:27:44.783-05:00  INFO 26172 --- [           main] o.hibernate.jpa.internal.util.LogHelper  : HHH000204: Processing PersistenceUnitInfo [name: default]
2024-06-27T20:27:45.099-05:00  INFO 26172 --- [           main] org.hibernate.Version                    : HHH000412: Hibernate ORM core version 6.4.1.Final
2024-06-27T20:27:45.276-05:00  INFO 26172 --- [           main] o.h.c.internal.RegionFactoryInitiator    : HHH000026: Second-level cache disabled
2024-06-27T20:27:46.497-05:00  INFO 26172 --- [           main] o.s.o.j.p.SpringPersistenceUnitInfo      : No LoadTimeWeaver setup: ignoring JPA class transformer
2024-06-27T20:27:46.699-05:00  WARN 26172 --- [           main] org.hibernate.orm.deprecation            : HHH90000025: H2Dialect does not need to be specified explicitly using 'hibernate.dialect' (remove the property setting and it will be selected by default)
2024-06-27T20:27:50.070-05:00  INFO 26172 --- [           main] o.h.e.t.j.p.i.JtaPlatformInitiator       : HHH000489: No JTA platform available (set 'hibernate.transaction.jta.platform' to enable JTA platform integration)
Hibernate: 
    drop table if exists users cascade 
Hibernate: 
    create table users (
        gender varchar(1) not null,
        id integer generated by default as identity,
        cell_phone varchar(10) not null,
        identification varchar(15) not null,
        email varchar(50) not null,
        name varchar(50) not null,
        address varchar(80) not null,
        primary key (id)
    )
Hibernate: INSERT INTO users (id,identification,name,address,cell_phone,email,gender) VALUES (1,'51826878','NUBIA AFRICANO RODRIGUEZ','KLLE 128B 121 24 SAN CRISTOBAL SUBA','3152947097','nubiaafricano@hotmail.com','F')
Hibernate: INSERT INTO users (id,identification,name,address,cell_phone,email,gender) VALUES (2,'71628493','JAVIER SANDOVAL GONZALEZ','CARRERA 45 56-89 BOGOTÃ�','3216549871','javier.sandoval@gmail.com','M')
Hibernate: INSERT INTO users (id,identification,name,address,cell_phone,email,gender) VALUES (3,'64719385','PATRICIA MEJÃ�A RAMÃ�REZ','CALLE 8 SUR 78-50 MEDELLÃ�N','3129874563','patricia.mejia@yahoo.com','F')
Hibernate: INSERT INTO users (id,identification,name,address,cell_phone,email,gender) VALUES (4,'72381457','CARLOS PÃ‰REZ LÃ“PEZ','CARRERA 10 45-89 CALI','3102345678','carlos.perez@outlook.com','M')
Hibernate: INSERT INTO users (id,identification,name,address,cell_phone,email,gender) VALUES (5,'81572394','MARÃ�A FERNANDA TORO','AVENIDA 6 34-12 BUCARAMANGA','3208765432','maria.fernanda@hotmail.com','F')
Hibernate: INSERT INTO users (id,identification,name,address,cell_phone,email,gender) VALUES (6,'92517382','LUIS RIVERA MENDOZA','CALLE 12 67-23 CARTAGENA','3151234567','luis.rivera@gmail.com','M')
Hibernate: INSERT INTO users (id,identification,name,address,cell_phone,email,gender) VALUES (7,'65482731','DIANA MORENO ORTIZ','CARRERA 4 89-12 PEREIRA','3114567890','diana.moreno@outlook.com','F')
Hibernate: INSERT INTO users (id,identification,name,address,cell_phone,email,gender) VALUES (8,'58423716','ANDRÃ‰S GARCÃ�A HERNÃ�NDEZ','AVENIDA 3 23-34 MANIZALES','3165432987','andres.garcia@yahoo.com','M')
Hibernate: INSERT INTO users (id,identification,name,address,cell_phone,email,gender) VALUES (9,'49572683','SOFÃ�A GÃ“MEZ MARTÃ�NEZ','CALLE 18 67-54 BARRANQUILLA','3221987654','sofia.gomez@hotmail.com','F')
Hibernate: INSERT INTO users (id,identification,name,address,cell_phone,email,gender) VALUES (10,'81628475','JORGE HERNÃ�NDEZ VARGAS','CARRERA 15 23-78 PASTO','3109876543','jorge.hernandez@gmail.com','M')
Hibernate: INSERT INTO users (id,identification,name,address,cell_phone,email,gender) VALUES (11,'29483571','ANA RODRÃ�GUEZ PÃ‰REZ','CALLE 9 45-67 VILLAVICENCIO','3147654321','ana.rodriguez@outlook.com','F')
Hibernate: INSERT INTO users (id,identification,name,address,cell_phone,email,gender) VALUES (12,'18437265','RICARDO MARTÃ�NEZ CASTILLO','AVENIDA 8 78-56 SANTA MARTA','3204567890','ricardo.martinez@gmail.com','M')
Hibernate: INSERT INTO users (id,identification,name,address,cell_phone,email,gender) VALUES (13,'29518374','LUISA FERNANDA BARRERA','CARRERA 12 34-56 MONTERÃ�A','3123456789','luisa.fernanda@hotmail.com','F')
Hibernate: INSERT INTO users (id,identification,name,address,cell_phone,email,gender) VALUES (14,'17428356','JUAN DAVID ORTIZ','CALLE 11 23-45 PEREIRA','3176543210','juan.ortiz@gmail.com','M')
Hibernate: INSERT INTO users (id,identification,name,address,cell_phone,email,gender) VALUES (15,'83527146','MARTHA LÃ“PEZ MORALES','CARRERA 22 45-67 IBAGUÃ‰','3156784321','martha.lopez@yahoo.com','F')
Hibernate: INSERT INTO users (id,identification,name,address,cell_phone,email,gender) VALUES (16,'71528364','ANDREA RIVERA CASTRO','CALLE 13 56-78 MANIZALES','3139876541','andrea.rivera@outlook.com','F')
Hibernate: INSERT INTO users (id,identification,name,address,cell_phone,email,gender) VALUES (17,'94817235','EDUARDO GÃ“MEZ SALAZAR','CARRERA 18 23-67 BOGOTÃ�','3198765432','eduardo.gomez@gmail.com','M')
Hibernate: INSERT INTO users (id,identification,name,address,cell_phone,email,gender) VALUES (18,'29461758','CAMILA PÃ‰REZ TORO','AVENIDA 10 45-89 CALI','3129876543','camila.perez@outlook.com','F')
Hibernate: INSERT INTO users (id,identification,name,address,cell_phone,email,gender) VALUES (19,'17593827','MIGUEL HERNÃ�NDEZ MEJÃ�A','CALLE 20 56-78 BUCARAMANGA','3187654321','miguel.hernandez@gmail.com','M')
Hibernate: INSERT INTO users (id,identification,name,address,cell_phone,email,gender) VALUES (20,'61529384','LAURA MORENO ARIAS','CARRERA 3 23-45 MEDELLÃ�N','3119876540','laura.moreno@yahoo.com','F')
Hibernate: INSERT INTO users (id,identification,name,address,cell_phone,email,gender) VALUES (21,'82716435','DIEGO GARCÃ�A CASTRO','CALLE 14 34-56 CARTAGENA','3107654321','diego.garcia@outlook.com','M')
Hibernate: INSERT INTO users (id,identification,name,address,cell_phone,email,gender) VALUES (22,'73518246','PAULA MARTÃ�NEZ MARTÃ�NEZ','CARRERA 7 89-12 BARRANQUILLA','3145678901','paula.martinez@gmail.com','F')
Hibernate: INSERT INTO users (id,identification,name,address,cell_phone,email,gender) VALUES (23,'58127394','JULIANA RODRÃ�GUEZ SÃ�NCHEZ','AVENIDA 4 67-23 BOGOTÃ�','3201234567','juliana.rodriguez@hotmail.com','F')
Hibernate: INSERT INTO users (id,identification,name,address,cell_phone,email,gender) VALUES (24,'49218376','PEDRO GÃ“MEZ MARTÃ�NEZ','CARRERA 14 78-45 BUCARAMANGA','3179876543','pedro.gomez@outlook.com','M')
Hibernate: INSERT INTO users (id,identification,name,address,cell_phone,email,gender) VALUES (25,'74128365','VALENTINA LÃ“PEZ ORTIZ','CALLE 16 34-56 SANTA MARTA','3128765432','valentina.lopez@gmail.com','F')
Hibernate: INSERT INTO users (id,identification,name,address,cell_phone,email,gender) VALUES (26,'81537492','CARLOS PÃ‰REZ MEJÃ�A','AVENIDA 12 56-78 VILLAVICENCIO','3186543210','carlos.perez@hotmail.com','M')
Hibernate: INSERT INTO users (id,identification,name,address,cell_phone,email,gender) VALUES (27,'91736485','ANA MARÃ�A TORRES','CARRERA 8 23-45 PASTO','3112345678','ana.maria@gmail.com','F')
Hibernate: INSERT INTO users (id,identification,name,address,cell_phone,email,gender) VALUES (28,'58437219','DAVID MARTÃ�NEZ MORENO','CALLE 19 45-67 MONTERÃ�A','3195678901','david.martinez@yahoo.com','M')
Hibernate: INSERT INTO users (id,identification,name,address,cell_phone,email,gender) VALUES (29,'29473865','CAROLINA GÃ“MEZ CASTRO','CARRERA 2 67-45 IBAGUÃ‰','3154321098','carolina.gomez@outlook.com','F')
Hibernate: INSERT INTO users (id,identification,name,address,cell_phone,email,gender) VALUES (30,'71628457','JORGE ANDRÃ‰S HERNÃ�NDEZ','AVENIDA 14 78-56 MANIZALES','3109876512','jorge.andres@hotmail.com','M')
Hibernate: INSERT INTO users (id,identification,name,address,cell_phone,email,gender) VALUES (31,'39218576','PATRICIA GARCÃ�A LÃ“PEZ','CALLE 2 45-23 PEREIRA','3145678901','patricia.garcia@gmail.com','F')
Hibernate: INSERT INTO users (id,identification,name,address,cell_phone,email,gender) VALUES (32,'81937465','LUIS EDUARDO RAMÃ�REZ','CARRERA 11 34-56 MEDELLÃ�N','3123456789','luis.eduardo@hotmail.com','M')
Hibernate: INSERT INTO users (id,identification,name,address,cell_phone,email,gender) VALUES (33,'61527384','SOFÃ�A MARTÃ�NEZ RIVERA','AVENIDA 13 56-78 CARTAGENA','3187654321','sofia.martinez@yahoo.com','F')
Hibernate: INSERT INTO users (id,identification,name,address,cell_phone,email,gender) VALUES (34,'72518394','MIGUEL Ã�NGEL ORTIZ','CARRERA 19 23-45 BOGOTÃ�','3111234567','miguel.angel@gmail.com','M')
Hibernate: INSERT INTO users (id,identification,name,address,cell_phone,email,gender) VALUES (35,'92471638','DIANA CAROLINA PÃ‰REZ','CALLE 10 78-56 CALI','3198765432','diana.carolina@hotmail.com','F')
Hibernate: INSERT INTO users (id,identification,name,address,cell_phone,email,gender) VALUES (36,'63518294','JUAN PABLO TORO','CARRERA 5 67-34 BUCARAMANGA','3120987654','juan.pablo@outlook.com','M')
Hibernate: INSERT INTO users (id,identification,name,address,cell_phone,email,gender) VALUES (37,'82719365','MARÃ�A JOSÃ‰ HERNÃ�NDEZ','AVENIDA 15 34-23 VILLAVICENCIO','3209876543','maria.jose@gmail.com','F')
Hibernate: INSERT INTO users (id,identification,name,address,cell_phone,email,gender) VALUES (38,'18456293','CARLOS EDUARDO LÃ“PEZ','CARRERA 6 78-45 PASTO','3107654321','carlos.eduardo@hotmail.com','M')
Hibernate: INSERT INTO users (id,identification,name,address,cell_phone,email,gender) VALUES (39,'27519384','ANA MARCELA MEJÃ�A','CALLE 3 23-67 MONTERÃ�A','3144321098','ana.marcela@yahoo.com','F')
Hibernate: INSERT INTO users (id,identification,name,address,cell_phone,email,gender) VALUES (40,'63829175','RICARDO GARCÃ�A CASTILLO','CARRERA 20 45-89 IBAGUÃ‰','3196543210','ricardo.garcia@gmail.com','M')
Hibernate: INSERT INTO users (id,identification,name,address,cell_phone,email,gender) VALUES (41,'28391745','ANDREA MARÃ�A RIVERA','CALLE 22 67-56 MANIZALES','3115678901','andrea.maria@outlook.com','F')
Hibernate: INSERT INTO users (id,identification,name,address,cell_phone,email,gender) VALUES (42,'91728364','DIEGO ALEJANDRO MARTÃ�NEZ','CARRERA 1 34-56 PEREIRA','3203456789','diego.alejandro@hotmail.com','M')
Hibernate: INSERT INTO users (id,identification,name,address,cell_phone,email,gender) VALUES (43,'37182946','VALENTINA PÃ‰REZ TORO','CALLE 17 45-78 MEDELLÃ�N','3181234567','valentina.perez@yahoo.com','F')
Hibernate: INSERT INTO users (id,identification,name,address,cell_phone,email,gender) VALUES (44,'71628534','LUIS MIGUEL HERNÃ�NDEZ','CARRERA 13 78-23 CARTAGENA','3126543210','luis.miguel@gmail.com','M')
Hibernate: INSERT INTO users (id,identification,name,address,cell_phone,email,gender) VALUES (45,'47293856','JULIANA CASTRO LÃ“PEZ','AVENIDA 16 34-12 BARRANQUILLA','3153210987','juliana.castro@outlook.com','F')
Hibernate: INSERT INTO users (id,identification,name,address,cell_phone,email,gender) VALUES (46,'81523746','PEDRO JOSÃ‰ GÃ“MEZ','CARRERA 9 67-34 BOGOTÃ�','3193456789','pedro.jose@hotmail.com','M')
Hibernate: INSERT INTO users (id,identification,name,address,cell_phone,email,gender) VALUES (47,'93741582','LAURA ALEJANDRA MARTÃ�NEZ','CALLE 21 45-23 CALI','3117654321','laura.alejandra@gmail.com','F')
Hibernate: INSERT INTO users (id,identification,name,address,cell_phone,email,gender) VALUES (48,'82731645','ANDRÃ‰S DAVID PÃ‰REZ','CARRERA 21 23-67 BUCARAMANGA','3127654321','andres.david@outlook.com','M')
Hibernate: INSERT INTO users (id,identification,name,address,cell_phone,email,gender) VALUES (49,'73518246','PAULA ANDREA GARCÃ�A','CALLE 12 34-56 SANTA MARTA','3204321098','paula.andrea@hotmail.com','F')
Hibernate: INSERT INTO users (id,identification,name,address,cell_phone,email,gender) VALUES (50,'58127436','JULIÃ�N ESTEBAN ORTIZ','CARRERA 17 67-45 VILLAVICENCIO','3175678901','julian.esteban@gmail.com','M')
2024-06-27T20:27:50.411-05:00  INFO 26172 --- [           main] j.LocalContainerEntityManagerFactoryBean : Initialized JPA EntityManagerFactory for persistence unit 'default'
2024-06-27T20:27:54.187-05:00  WARN 26172 --- [           main] JpaBaseConfiguration$JpaWebConfiguration : spring.jpa.open-in-view is enabled by default. Therefore, database queries may be performed during view rendering. Explicitly configure spring.jpa.open-in-view to disable this warning
2024-06-27T20:27:56.318-05:00  INFO 26172 --- [           main] o.s.b.a.h2.H2ConsoleAutoConfiguration    : H2 console available at '/h2-console'. Database available at 'jdbc:h2:mem:testdb'
2024-06-27T20:27:56.635-05:00  INFO 26172 --- [           main] c.d.a.agenda.AgendaApplicationTests      : Started AgendaApplicationTests in 20.245 seconds (process running for 25.857)
]]></system-out>
  </testcase>
</testsuite>